This is pdfTeX, Version 3.14159265-2.6-1.40.17 (TeX Live 2016) (preloaded format=pdflatex 2016.11.27)  8 NOV 2018 14:30
entering extended mode
 restricted \write18 enabled.
 file:line:error style messages enabled.
 %&-line parsing enabled.
**"/Users/FatemaK/Desktop/3rd year/CCS/Network Analysis/Assignment/ccs-network-analysis/tex/report.tex"
(/Users/FatemaK/Desktop/3rd year/CCS/Network Analysis/Assignment/ccs-network-analysis/tex/report.tex
LaTeX2e <2016/03/31>
Babel <3.9r> and hyphenation patterns for 83 language(s) loaded.
(/usr/local/texlive/2016/texmf-dist/tex/latex/base/article.cls
Document Class: article 2014/09/29 v1.4h Standard LaTeX document class
(/usr/local/texlive/2016/texmf-dist/tex/latex/base/size11.clo
File: size11.clo 2014/09/29 v1.4h Standard LaTeX file (size option)
)
\c@part=\count79
\c@section=\count80
\c@subsection=\count81
\c@subsubsection=\count82
\c@paragraph=\count83
\c@subparagraph=\count84
\c@figure=\count85
\c@table=\count86
\abovecaptionskip=\skip41
\belowcaptionskip=\skip42
\bibindent=\dimen102
) (/usr/local/texlive/2016/texmf-dist/tex/latex/geometry/geometry.sty
Package: geometry 2010/09/12 v5.6 Page Geometry
 (/usr/local/texlive/2016/texmf-dist/tex/latex/graphics/keyval.sty
Package: keyval 2014/10/28 v1.15 key=value parser (DPC)
\KV@toks@=\toks14
) (/usr/local/texlive/2016/texmf-dist/tex/generic/oberdiek/ifpdf.sty
Package: ifpdf 2016/05/14 v3.1 Provides the ifpdf switch
) (/usr/local/texlive/2016/texmf-dist/tex/generic/oberdiek/ifvtex.sty
Package: ifvtex 2016/05/16 v1.6 Detect VTeX and its facilities (HO)
Package ifvtex Info: VTeX not detected.
) (/usr/local/texlive/2016/texmf-dist/tex/generic/ifxetex/ifxetex.sty
Package: ifxetex 2010/09/12 v0.6 Provides ifxetex conditional
)
\Gm@cnth=\count87
\Gm@cntv=\count88
\c@Gm@tempcnt=\count89
\Gm@bindingoffset=\dimen103
\Gm@wd@mp=\dimen104
\Gm@odd@mp=\dimen105
\Gm@even@mp=\dimen106
\Gm@layoutwidth=\dimen107
\Gm@layoutheight=\dimen108
\Gm@layouthoffset=\dimen109
\Gm@layoutvoffset=\dimen110
\Gm@dimlist=\toks15
) (/usr/local/texlive/2016/texmf-dist/tex/latex/algorithms/algorithm.sty
Package: algorithm 2009/08/24 v0.1 Document Style `algorithm' - floating environment
 (/usr/local/texlive/2016/texmf-dist/tex/latex/float/float.sty
Package: float 2001/11/08 v1.3d Float enhancements (AL)
\c@float@type=\count90
\float@exts=\toks16
\float@box=\box26
\@float@everytoks=\toks17
\@floatcapt=\box27
) (/usr/local/texlive/2016/texmf-dist/tex/latex/base/ifthen.sty
Package: ifthen 2014/09/29 v1.1c Standard LaTeX ifthen package (DPC)
)
\@float@every@algorithm=\toks18
\c@algorithm=\count91
) (/usr/local/texlive/2016/texmf-dist/tex/latex/algorithmicx/algpseudocode.sty
Package: algpseudocode 
 (/usr/local/texlive/2016/texmf-dist/tex/latex/algorithmicx/algorithmicx.sty
Package: algorithmicx 2005/04/27 v1.2 Algorithmicx

Document Style algorithmicx 1.2 - a greatly improved `algorithmic' style
\c@ALG@line=\count92
\c@ALG@rem=\count93
\c@ALG@nested=\count94
\ALG@tlm=\skip43
\ALG@thistlm=\skip44
\c@ALG@Lnr=\count95
\c@ALG@blocknr=\count96
\c@ALG@storecount=\count97
\c@ALG@tmpcounter=\count98
\ALG@tmplength=\skip45
)
Document Style - pseudocode environments for use with the `algorithmicx' style
) (/usr/local/texlive/2016/texmf-dist/tex/latex/graphics/graphicx.sty
Package: graphicx 2014/10/28 v1.0g Enhanced LaTeX Graphics (DPC,SPQR)
 (/usr/local/texlive/2016/texmf-dist/tex/latex/graphics/graphics.sty
Package: graphics 2016/05/09 v1.0r Standard LaTeX Graphics (DPC,SPQR)
 (/usr/local/texlive/2016/texmf-dist/tex/latex/graphics/trig.sty
Package: trig 2016/01/03 v1.10 sin cos tan (DPC)
) (/usr/local/texlive/2016/texmf-dist/tex/latex/graphics-cfg/graphics.cfg
File: graphics.cfg 2016/01/02 v1.10 sample graphics configuration
)
Package graphics Info: Driver file: pdftex.def on input line 96.
 (/usr/local/texlive/2016/texmf-dist/tex/latex/pdftex-def/pdftex.def
File: pdftex.def 2011/05/27 v0.06d Graphics/color for pdfTeX
 (/usr/local/texlive/2016/texmf-dist/tex/generic/oberdiek/infwarerr.sty
Package: infwarerr 2016/05/16 v1.4 Providing info/warning/error messages (HO)
) (/usr/local/texlive/2016/texmf-dist/tex/generic/oberdiek/ltxcmds.sty
Package: ltxcmds 2016/05/16 v1.23 LaTeX kernel commands for general use (HO)
)
\Gread@gobject=\count99
))
\Gin@req@height=\dimen111
\Gin@req@width=\dimen112
) (/usr/local/texlive/2016/texmf-dist/tex/latex/caption/subcaption.sty
Package: subcaption 2016/02/20 v1.1-142 Sub-captions (AR)
 (/usr/local/texlive/2016/texmf-dist/tex/latex/caption/caption.sty
Package: caption 2016/02/21 v3.3-144 Customizing captions (AR)
 (/usr/local/texlive/2016/texmf-dist/tex/latex/caption/caption3.sty
Package: caption3 2016/02/04 v1.7-139 caption3 kernel (AR)
Package caption3 Info: TeX engine: e-TeX on input line 67.
\captionmargin=\dimen113
\captionmargin@=\dimen114
\captionwidth=\dimen115
\caption@tempdima=\dimen116
\caption@indent=\dimen117
\caption@parindent=\dimen118
\caption@hangindent=\dimen119
)
\c@ContinuedFloat=\count100
Package caption Info: float package is loaded.
)
\c@subfigure=\count101
\c@subtable=\count102
) (/usr/local/texlive/2016/texmf-dist/tex/latex/mwe/mwe.sty
Package: mwe 2012/05/15 v0.3 Package to support minimal working examples (MWE)
 (/usr/local/texlive/2016/texmf-dist/tex/latex/lipsum/lipsum.sty
Package: lipsum 2014/07/27 v1.3 150 paragraphs of Lorem Ipsum dummy text
\c@lips@count=\count103
) (/usr/local/texlive/2016/texmf-dist/tex/latex/blindtext/blindtext.sty
Package: blindtext 2012/01/06 V2.0 blindtext-Package
 (/usr/local/texlive/2016/texmf-dist/tex/latex/tools/xspace.sty
Package: xspace 2014/10/28 v1.13 Space after command names (DPC,MH)
)
\c@blindtext=\count104
\c@Blindtext=\count105
\c@blind@countparstart=\count106
\blind@countxx=\count107
\blindtext@numBlindtext=\count108
\blind@countyy=\count109
\c@blindlist=\count110
\c@blindlistlevel=\count111
\c@blindlist@level=\count112
\blind@listitem=\count113
\c@blind@listcount=\count114
\c@blind@levelcount=\count115
\blind@mathformula=\count116
\blind@Mathformula=\count117
\c@blind@randomcount=\count118
\c@blind@randommax=\count119
\c@blind@pangramcount=\count120
\c@blind@pangrammax=\count121
)) (/usr/local/texlive/2016/texmf-dist/tex/latex/amsmath/amsmath.sty
Package: amsmath 2016/03/10 v2.15b AMS math features
\@mathmargin=\skip46

For additional information on amsmath, use the `?' option.
(/usr/local/texlive/2016/texmf-dist/tex/latex/amsmath/amstext.sty
Package: amstext 2000/06/29 v2.01 AMS text
 (/usr/local/texlive/2016/texmf-dist/tex/latex/amsmath/amsgen.sty
File: amsgen.sty 1999/11/30 v2.0 generic functions
\@emptytoks=\toks19
\ex@=\dimen120
)) (/usr/local/texlive/2016/texmf-dist/tex/latex/amsmath/amsbsy.sty
Package: amsbsy 1999/11/29 v1.2d Bold Symbols
\pmbraise@=\dimen121
) (/usr/local/texlive/2016/texmf-dist/tex/latex/amsmath/amsopn.sty
Package: amsopn 2016/03/08 v2.02 operator names
)
\inf@bad=\count122
LaTeX Info: Redefining \frac on input line 199.
\uproot@=\count123
\leftroot@=\count124
LaTeX Info: Redefining \overline on input line 297.
\classnum@=\count125
\DOTSCASE@=\count126
LaTeX Info: Redefining \ldots on input line 394.
LaTeX Info: Redefining \dots on input line 397.
LaTeX Info: Redefining \cdots on input line 518.
\Mathstrutbox@=\box28
\strutbox@=\box29
\big@size=\dimen122
LaTeX Font Info:    Redeclaring font encoding OML on input line 634.
LaTeX Font Info:    Redeclaring font encoding OMS on input line 635.
\macc@depth=\count127
\c@MaxMatrixCols=\count128
\dotsspace@=\muskip10
\c@parentequation=\count129
\dspbrk@lvl=\count130
\tag@help=\toks20
\row@=\count131
\column@=\count132
\maxfields@=\count133
\andhelp@=\toks21
\eqnshift@=\dimen123
\alignsep@=\dimen124
\tagshift@=\dimen125
\tagwidth@=\dimen126
\totwidth@=\dimen127
\lineht@=\dimen128
\@envbody=\toks22
\multlinegap=\skip47
\multlinetaggap=\skip48
\mathdisplay@stack=\toks23
LaTeX Info: Redefining \[ on input line 2739.
LaTeX Info: Redefining \] on input line 2740.
) (/usr/local/texlive/2016/texmf-dist/tex/latex/tools/multicol.sty
Package: multicol 2016/04/07 v1.8p multicolumn formatting (FMi)
\c@tracingmulticols=\count134
\mult@box=\box30
\multicol@leftmargin=\dimen129
\c@unbalance=\count135
\c@collectmore=\count136
\doublecol@number=\count137
\multicoltolerance=\count138
\multicolpretolerance=\count139
\full@width=\dimen130
\page@free=\dimen131
\premulticols=\dimen132
\postmulticols=\dimen133
\multicolsep=\skip49
\multicolbaselineskip=\skip50
\partial@page=\box31
\last@line=\box32
\maxbalancingoverflow=\dimen134
\mult@rightbox=\box33
\mult@grightbox=\box34
\mult@gfirstbox=\box35
\mult@firstbox=\box36
\@tempa=\box37
\@tempa=\box38
\@tempa=\box39
\@tempa=\box40
\@tempa=\box41
\@tempa=\box42
\@tempa=\box43
\@tempa=\box44
\@tempa=\box45
\@tempa=\box46
\@tempa=\box47
\@tempa=\box48
\@tempa=\box49
\@tempa=\box50
\@tempa=\box51
\@tempa=\box52
\@tempa=\box53
\c@columnbadness=\count140
\c@finalcolumnbadness=\count141
\last@try=\dimen135
\multicolovershoot=\dimen136
\multicolundershoot=\dimen137
\mult@nat@firstbox=\box54
\colbreak@box=\box55
\mc@col@check@num=\count142
) (./report.aux)
\openout1 = `report.aux'.

LaTeX Font Info:    Checking defaults for OML/cmm/m/it on input line 17.
LaTeX Font Info:    ... okay on input line 17.
LaTeX Font Info:    Checking defaults for T1/cmr/m/n on input line 17.
LaTeX Font Info:    ... okay on input line 17.
LaTeX Font Info:    Checking defaults for OT1/cmr/m/n on input line 17.
LaTeX Font Info:    ... okay on input line 17.
LaTeX Font Info:    Checking defaults for OMS/cmsy/m/n on input line 17.
LaTeX Font Info:    ... okay on input line 17.
LaTeX Font Info:    Checking defaults for OMX/cmex/m/n on input line 17.
LaTeX Font Info:    ... okay on input line 17.
LaTeX Font Info:    Checking defaults for U/cmr/m/n on input line 17.
LaTeX Font Info:    ... okay on input line 17.

*geometry* driver: auto-detecting
*geometry* detected driver: pdftex
*geometry* verbose mode - [ preamble ] result:
* driver: pdftex
* paper: a4paper
* layout: <same size as paper>
* layoutoffset:(h,v)=(0.0pt,0.0pt)
* modes: 
* h-part:(L,W,R)=(72.26999pt, 452.9679pt, 72.26999pt)
* v-part:(T,H,B)=(72.26999pt, 700.50687pt, 72.26999pt)
* \paperwidth=597.50787pt
* \paperheight=845.04684pt
* \textwidth=452.9679pt
* \textheight=700.50687pt
* \oddsidemargin=0.0pt
* \evensidemargin=0.0pt
* \topmargin=-37.0pt
* \headheight=12.0pt
* \headsep=25.0pt
* \topskip=11.0pt
* \footskip=30.0pt
* \marginparwidth=50.0pt
* \marginparsep=10.0pt
* \columnsep=10.0pt
* \skip\footins=10.0pt plus 4.0pt minus 2.0pt
* \hoffset=0.0pt
* \voffset=0.0pt
* \mag=1000
* \@twocolumnfalse
* \@twosidefalse
* \@mparswitchfalse
* \@reversemarginfalse
* (1in=72.27pt=25.4mm, 1cm=28.453pt)

(/usr/local/texlive/2016/texmf-dist/tex/context/base/mkii/supp-pdf.mkii
[Loading MPS to PDF converter (version 2006.09.02).]
\scratchcounter=\count143
\scratchdimen=\dimen138
\scratchbox=\box56
\nofMPsegments=\count144
\nofMParguments=\count145
\everyMPshowfont=\toks24
\MPscratchCnt=\count146
\MPscratchDim=\dimen139
\MPnumerator=\count147
\makeMPintoPDFobject=\count148
\everyMPtoPDFconversion=\toks25
) (/usr/local/texlive/2016/texmf-dist/tex/generic/oberdiek/pdftexcmds.sty
Package: pdftexcmds 2016/05/10 v0.21 Utility functions of pdfTeX for LuaTeX (HO)
 (/usr/local/texlive/2016/texmf-dist/tex/generic/oberdiek/ifluatex.sty
Package: ifluatex 2016/05/16 v1.4 Provides the ifluatex switch (HO)
Package ifluatex Info: LuaTeX not detected.
)
Package pdftexcmds Info: LuaTeX not detected.
Package pdftexcmds Info: \pdf@primitive is available.
Package pdftexcmds Info: \pdf@ifprimitive is available.
Package pdftexcmds Info: \pdfdraftmode found.
) (/usr/local/texlive/2016/texmf-dist/tex/latex/oberdiek/epstopdf-base.sty
Package: epstopdf-base 2016/05/15 v2.6 Base part for package epstopdf
 (/usr/local/texlive/2016/texmf-dist/tex/latex/oberdiek/grfext.sty
Package: grfext 2016/05/16 v1.2 Manage graphics extensions (HO)
 (/usr/local/texlive/2016/texmf-dist/tex/generic/oberdiek/kvdefinekeys.sty
Package: kvdefinekeys 2016/05/16 v1.4 Define keys (HO)
)) (/usr/local/texlive/2016/texmf-dist/tex/latex/oberdiek/kvoptions.sty
Package: kvoptions 2016/05/16 v3.12 Key value format for package options (HO)
 (/usr/local/texlive/2016/texmf-dist/tex/generic/oberdiek/kvsetkeys.sty
Package: kvsetkeys 2016/05/16 v1.17 Key value parser (HO)
 (/usr/local/texlive/2016/texmf-dist/tex/generic/oberdiek/etexcmds.sty
Package: etexcmds 2016/05/16 v1.6 Avoid name clashes with e-TeX commands (HO)
Package etexcmds Info: Could not find \expanded.
(etexcmds)             That can mean that you are not using pdfTeX 1.50 or
(etexcmds)             that some package has redefined \expanded.
(etexcmds)             In the latter case, load this package earlier.
)))
Package grfext Info: Graphics extension search list:
(grfext)             [.pdf,.png,.jpg,.mps,.jpeg,.jbig2,.jb2,.PNG,.PDF,.JPG,.JPEG,.JBIG2,.JB2,.eps]
(grfext)             \AppendGraphicsExtensions on input line 456.
 (/usr/local/texlive/2016/texmf-dist/tex/latex/latexconfig/epstopdf-sys.cfg
File: epstopdf-sys.cfg 2010/07/13 v1.3 Configuration of (r)epstopdf for TeX Live
))
Package caption Info: Begin \AtBeginDocument code.
Package caption Info: End \AtBeginDocument code.
LaTeX Font Info:    Try loading font information for OMS+cmr on input line 34.
 (/usr/local/texlive/2016/texmf-dist/tex/latex/base/omscmr.fd
File: omscmr.fd 2014/09/29 v2.5h Standard LaTeX font definitions
)
LaTeX Font Info:    Font shape `OMS/cmr/m/n' in size <10.95> not available
(Font)              Font shape `OMS/cmsy/m/n' tried instead on input line 34.
 <../distributions/q1/50-20-0.01.png, id=1, 462.528pt x 346.896pt>
File: ../distributions/q1/50-20-0.01.png Graphic file (type png)
 <use ../distributions/q1/50-20-0.01.png>
Package pdftex.def Info: ../distributions/q1/50-20-0.01.png used on input line 53.
(pdftex.def)             Requested size: 221.95676pt x 166.47113pt.
 <../distributions/q1/20-50-0.01.png, id=3, 462.528pt x 346.896pt>
File: ../distributions/q1/20-50-0.01.png Graphic file (type png)
 <use ../distributions/q1/20-50-0.01.png>
Package pdftex.def Info: ../distributions/q1/20-50-0.01.png used on input line 59.
(pdftex.def)             Requested size: 221.95676pt x 166.47113pt.
 <../distributions/q1/6-100-0.01.png, id=4, 462.528pt x 346.896pt>
File: ../distributions/q1/6-100-0.01.png Graphic file (type png)
 <use ../distributions/q1/6-100-0.01.png>
Package pdftex.def Info: ../distributions/q1/6-100-0.01.png used on input line 65.
(pdftex.def)             Requested size: 221.95676pt x 166.47113pt.
 <../distributions/q1/4-100-0.1.png, id=5, 462.528pt x 346.896pt>
File: ../distributions/q1/4-100-0.1.png Graphic file (type png)
 <use ../distributions/q1/4-100-0.1.png>
Package pdftex.def Info: ../distributions/q1/4-100-0.1.png used on input line 71.
(pdftex.def)             Requested size: 221.95676pt x 166.47113pt.
 [1

{/usr/local/texlive/2016/texmf-var/fonts/map/pdftex/updmap/pdftex.map}] <../distributions/q1/diameter/50-20.png, id=19, 462.528pt x 346.896pt>
File: ../distributions/q1/diameter/50-20.png Graphic file (type png)
 <use ../distributions/q1/diameter/50-20.png>
Package pdftex.def Info: ../distributions/q1/diameter/50-20.png used on input line 97.
(pdftex.def)             Requested size: 221.95676pt x 166.47113pt.
 <../distributions/q1/diameter/20-50.png, id=20, 462.528pt x 346.896pt>
File: ../distributions/q1/diameter/20-50.png Graphic file (type png)
 <use ../distributions/q1/diameter/20-50.png>
Package pdftex.def Info: ../distributions/q1/diameter/20-50.png used on input line 103.
(pdftex.def)             Requested size: 221.95676pt x 166.47113pt.
 [2 <../distributions/q1/50-20-0.01.png> <../distributions/q1/20-50-0.01.png> <../distributions/q1/6-100-0.01.png> <../distributions/q1/4-100-0.1.png>] <../distributions/q1/prob-p/50-20-0.01.png, id=30, 462.528pt x 346.896pt>
File: ../distributions/q1/prob-p/50-20-0.01.png Graphic file (type png)
 <use ../distributions/q1/prob-p/50-20-0.01.png>
Package pdftex.def Info: ../distributions/q1/prob-p/50-20-0.01.png used on input line 117.
(pdftex.def)             Requested size: 221.95676pt x 166.47113pt.
 <../distributions/q1/prob-p/20-50-0.01.png, id=31, 462.528pt x 346.896pt>
File: ../distributions/q1/prob-p/20-50-0.01.png Graphic file (type png)
 <use ../distributions/q1/prob-p/20-50-0.01.png>
Package pdftex.def Info: ../distributions/q1/prob-p/20-50-0.01.png used on input line 123.
(pdftex.def)             Requested size: 221.95676pt x 166.47113pt.
 <../distributions/q1/prob-p/6-100-0.01.png, id=32, 462.528pt x 346.896pt>
File: ../distributions/q1/prob-p/6-100-0.01.png Graphic file (type png)
 <use ../distributions/q1/prob-p/6-100-0.01.png>
Package pdftex.def Info: ../distributions/q1/prob-p/6-100-0.01.png used on input line 129.
(pdftex.def)             Requested size: 221.95676pt x 166.47113pt.
 [3 <../distributions/q1/diameter/50-20.png> <../distributions/q1/diameter/20-50.png>] [4 <../distributions/q1/prob-p/50-20-0.01.png> <../distributions/q1/prob-p/20-50-0.01.png> <../distributions/q1/prob-p/6-100-0.01.png>] <../distributions/q2/coauthorship-vertex-degree.png, id=44, 462.528pt x 346.896pt>
File: ../distributions/q2/coauthorship-vertex-degree.png Graphic file (type png)
 <use ../distributions/q2/coauthorship-vertex-degree.png>
Package pdftex.def Info: ../distributions/q2/coauthorship-vertex-degree.png used on input line 173.
(pdftex.def)             Requested size: 221.95676pt x 166.47113pt.
 <../distributions/q2/coauthorship-vertex-brilliance.png, id=45, 462.528pt x 346.896pt>
File: ../distributions/q2/coauthorship-vertex-brilliance.png Graphic file (type png)
 <use ../distributions/q2/coauthorship-vertex-brilliance.png>
Package pdftex.def Info: ../distributions/q2/coauthorship-vertex-brilliance.png used on input line 177.
(pdftex.def)             Requested size: 221.95676pt x 166.47113pt.
 [5] <../distributions/q2/pa_graph-1559-30-degree.png, id=49, 462.528pt x 346.896pt>
File: ../distributions/q2/pa_graph-1559-30-degree.png Graphic file (type png)
 <use ../distributions/q2/pa_graph-1559-30-degree.png>
Package pdftex.def Info: ../distributions/q2/pa_graph-1559-30-degree.png used on input line 193.
(pdftex.def)             Requested size: 221.95676pt x 166.47113pt.
 <../distributions/q2/pa_graph-1559-30-brilliance.png, id=50, 462.528pt x 346.896pt>
File: ../distributions/q2/pa_graph-1559-30-brilliance.png Graphic file (type png)
 <use ../distributions/q2/pa_graph-1559-30-brilliance.png>
Package pdftex.def Info: ../distributions/q2/pa_graph-1559-30-brilliance.png used on input line 197.
(pdftex.def)             Requested size: 221.95676pt x 166.47113pt.
 <../distributions/q2/ring_group_graph-60-26-0.22-0.03-degree.png, id=51, 462.528pt x 346.896pt>
File: ../distributions/q2/ring_group_graph-60-26-0.22-0.03-degree.png Graphic file (type png)
 <use ../distributions/q2/ring_group_graph-60-26-0.22-0.03-degree.png>
Package pdftex.def Info: ../distributions/q2/ring_group_graph-60-26-0.22-0.03-degree.png used on input line 209.
(pdftex.def)             Requested size: 221.95676pt x 166.47113pt.
 <../distributions/q2/ring_group_graph-60-26-0.22-0.03-brilliance.png, id=52, 462.528pt x 346.896pt>
File: ../distributions/q2/ring_group_graph-60-26-0.22-0.03-brilliance.png Graphic file (type png)
 <use ../distributions/q2/ring_group_graph-60-26-0.22-0.03-brilliance.png>
Package pdftex.def Info: ../distributions/q2/ring_group_graph-60-26-0.22-0.03-brilliance.png used on input line 213.
(pdftex.def)             Requested size: 221.95676pt x 166.47113pt.
 [6 <../distributions/q2/coauthorship-vertex-degree.png> <../distributions/q2/coauthorship-vertex-brilliance.png> <../distributions/q2/pa_graph-1559-30-degree.png> <../distributions/q2/pa_graph-1559-30-brilliance.png>] <../distributions/q2/ring_group_graph-120-13-0.26-0.04-degree.png, id=60, 462.528pt x 346.896pt>
File: ../distributions/q2/ring_group_graph-120-13-0.26-0.04-degree.png Graphic file (type png)
 <use ../distributions/q2/ring_group_graph-120-13-0.26-0.04-degree.png>
Package pdftex.def Info: ../distributions/q2/ring_group_graph-120-13-0.26-0.04-degree.png used on input line 221.
(pdftex.def)             Requested size: 221.95676pt x 166.47113pt.
 <../distributions/q2/ring_group_graph-120-13-0.26-0.04-brilliance.png, id=61, 462.528pt x 346.896pt>
File: ../distributions/q2/ring_group_graph-120-13-0.26-0.04-brilliance.png Graphic file (type png)
 <use ../distributions/q2/ring_group_graph-120-13-0.26-0.04-brilliance.png>
Package pdftex.def Info: ../distributions/q2/ring_group_graph-120-13-0.26-0.04-brilliance.png used on input line 225.
(pdftex.def)             Requested size: 221.95676pt x 166.47113pt.

Underfull \hbox (badness 10000) in paragraph at lines 229--232

 []

[7 <../distributions/q2/ring_group_graph-60-26-0.22-0.03-degree.png> <../distributions/q2/ring_group_graph-60-26-0.22-0.03-brilliance.png> <../distributions/q2/ring_group_graph-120-13-0.26-0.04-degree.png> <../distributions/q2/ring_group_graph-120-13-0.26-0.04-brilliance.png>]
Missing character: There is no â in font cmr10!
Missing character: There is no € in font cmr10!
Missing character: There is no ” in font cmr10!
Missing character: There is no â in font cmr10!
Missing character: There is no € in font cmr10!
Missing character: There is no ” in font cmr10!
 [8] [9] <../distributions/q3/ring_group_graph-50-20-search_time-p-mGreater.png, id=76, 462.528pt x 346.896pt>
File: ../distributions/q3/ring_group_graph-50-20-search_time-p-mGreater.png Graphic file (type png)
 <use ../distributions/q3/ring_group_graph-50-20-search_time-p-mGreater.png>
Package pdftex.def Info: ../distributions/q3/ring_group_graph-50-20-search_time-p-mGreater.png used on input line 318.
(pdftex.def)             Requested size: 217.42265pt x 163.0676pt.
 <../distributions/q3/ring_group_graph-50-20-search_time_v2-p-mGreater.png, id=77, 462.528pt x 346.896pt>
File: ../distributions/q3/ring_group_graph-50-20-search_time_v2-p-mGreater.png Graphic file (type png)
 <use ../distributions/q3/ring_group_graph-50-20-search_time_v2-p-mGreater.png>
Package pdftex.def Info: ../distributions/q3/ring_group_graph-50-20-search_time_v2-p-mGreater.png used on input line 324.
(pdftex.def)             Requested size: 217.42265pt x 163.0676pt.
 <../distributions/q3/ring_group_graph-20-50-search_time-p-kGreater.png, id=78, 462.528pt x 346.896pt>
File: ../distributions/q3/ring_group_graph-20-50-search_time-p-kGreater.png Graphic file (type png)
 <use ../distributions/q3/ring_group_graph-20-50-search_time-p-kGreater.png>
Package pdftex.def Info: ../distributions/q3/ring_group_graph-20-50-search_time-p-kGreater.png used on input line 335.
(pdftex.def)             Requested size: 217.42265pt x 163.0676pt.
 <../distributions/q3/ring_group_graph-20-50-search_time_v2-p-kGreater.png, id=79, 462.528pt x 346.896pt>
File: ../distributions/q3/ring_group_graph-20-50-search_time_v2-p-kGreater.png Graphic file (type png)
 <use ../distributions/q3/ring_group_graph-20-50-search_time_v2-p-kGreater.png>
Package pdftex.def Info: ../distributions/q3/ring_group_graph-20-50-search_time_v2-p-kGreater.png used on input line 341.
(pdftex.def)             Requested size: 217.42265pt x 163.0676pt.
 [10 <../distributions/q3/ring_group_graph-50-20-search_time-p-mGreater.png> <../distributions/q3/ring_group_graph-50-20-search_time_v2-p-mGreater.png> <../distributions/q3/ring_group_graph-20-50-search_time-p-kGreater.png> <../distributions/q3/ring_group_graph-20-50-search_time_v2-p-kGreater.png>] (./report.aux) ) 
Here is how much of TeX's memory you used:
 4931 strings out of 493014
 77773 string characters out of 6133350
 248867 words of memory out of 5000000
 8377 multiletter control sequences out of 15000+600000
 9709 words of font info for 35 fonts, out of 8000000 for 9000
 1141 hyphenation exceptions out of 8191
 42i,8n,40p,718b,449s stack positions out of 5000i,500n,10000p,200000b,80000s
</usr/local/texlive/2016/texmf-dist/fonts/type1/public/amsfonts/cm/cmbx10.pfb></usr/local/texlive/2016/texmf-dist/fonts/type1/public/amsfonts/cm/cmbx12.pfb></usr/local/texlive/2016/texmf-dist/fonts/type1/public/amsfonts/cm/cmex10.pfb></usr/local/texlive/2016/texmf-dist/fonts/type1/public/amsfonts/cm/cmmi10.pfb></usr/local/texlive/2016/texmf-dist/fonts/type1/public/amsfonts/cm/cmmi12.pfb></usr/local/texlive/2016/texmf-dist/fonts/type1/public/amsfonts/cm/cmmi8.pfb></usr/local/texlive/2016/texmf-dist/fonts/type1/public/amsfonts/cm/cmr10.pfb></usr/local/texlive/2016/texmf-dist/fonts/type1/public/amsfonts/cm/cmr12.pfb></usr/local/texlive/2016/texmf-dist/fonts/type1/public/amsfonts/cm/cmr17.pfb></usr/local/texlive/2016/texmf-dist/fonts/type1/public/amsfonts/cm/cmsy10.pfb>
Output written on report.pdf (10 pages, 571002 bytes).
PDF statistics:
 120 PDF objects out of 1000 (max. 8388607)
 55 compressed objects within 1 object stream
 0 named destinations out of 1000 (max. 500000)
 106 words of extra memory for PDF output out of 10000 (max. 10000000)

